{"message":"GET /jimmy No Router there","level":"error"}
{"message":"GET /docs/5.0/assets/brand/bootstrap-logo.svg No Router there","level":"error"}
{"message":"GET /docs/5.0/assets/brand/bootstrap-logo.svg No Router there","level":"error"}
{"message":"GET /docs/5.0/assets/brand/bootstrap-logo.svg No Router there","level":"error"}
{"message":"GET /docs/5.0/assets/brand/bootstrap-logo.svg No Router there","level":"error"}
{"message":"GET /docs/5.0/assets/brand/bootstrap-logo.svg No Router there","level":"error"}
{"message":"GET /docs/5.0/assets/brand/bootstrap-logo.svg No Router there","level":"error"}
{"message":"GET /docs/5.0/assets/brand/bootstrap-logo.svg No Router there","level":"error"}
{"message":"GET /docs/5.0/assets/brand/bootstrap-logo.svg No Router there","level":"error"}
{"message":"GET /oauth/callback No Router there","level":"error"}
{"message":"GET /oauth/callback No Router there","level":"error"}
{"message":"GET /oauth/callback No Router there","level":"error"}
{"message":"GET /oauth/callback No Router there","level":"error"}
{"message":"GET /oauth/callback No Router there","level":"error"}
{"message":"GET /oauth No Router there","level":"error"}
{"message":"GET /oauth/kakao No Router there","level":"error"}
{"message":"GET /oauth/kakao No Router there","level":"error"}
{"message":"GET /oauth/kakao No Router there","level":"error"}
{"message":"GET /oauth/kakao No Router there","level":"error"}
{"message":"GET /oauth/kakao No Router there","level":"error"}
{"message":"GET /oauth No Router there","level":"error"}
{"message":"GET /oauth No Router there","level":"error"}
{"message":"GET /oauth No Router there","level":"error"}
{"message":"GET // No Router there","level":"error"}
